ARM GAS  C:\Users\joe20\AppData\Local\Temp\ccR92a6W.s 			page 1


   1              		.cpu cortex-m4
   2              		.arch armv7e-m
   3              		.fpu fpv4-sp-d16
   4              		.eabi_attribute 27, 1
   5              		.eabi_attribute 28, 1
   6              		.eabi_attribute 20, 1
   7              		.eabi_attribute 21, 1
   8              		.eabi_attribute 23, 3
   9              		.eabi_attribute 24, 1
  10              		.eabi_attribute 25, 1
  11              		.eabi_attribute 26, 1
  12              		.eabi_attribute 30, 1
  13              		.eabi_attribute 34, 1
  14              		.eabi_attribute 18, 4
  15              		.file	"adc.c"
  16              		.text
  17              	.Ltext0:
  18              		.cfi_sections	.debug_frame
  19              		.file 1 "Core/Src/adc.c"
  20              		.section	.text.MX_ADC1_Init,"ax",%progbits
  21              		.align	1
  22              		.global	MX_ADC1_Init
  23              		.syntax unified
  24              		.thumb
  25              		.thumb_func
  27              	MX_ADC1_Init:
  28              	.LFB288:
   1:Core/Src/adc.c **** /* USER CODE BEGIN Header */
   2:Core/Src/adc.c **** /**
   3:Core/Src/adc.c ****   ******************************************************************************
   4:Core/Src/adc.c ****   * @file    adc.c
   5:Core/Src/adc.c ****   * @brief   This file provides code for the configuration
   6:Core/Src/adc.c ****   *          of the ADC instances.
   7:Core/Src/adc.c ****   ******************************************************************************
   8:Core/Src/adc.c ****   * @attention
   9:Core/Src/adc.c ****   *
  10:Core/Src/adc.c ****   * Copyright (c) 2025 STMicroelectronics.
  11:Core/Src/adc.c ****   * All rights reserved.
  12:Core/Src/adc.c ****   *
  13:Core/Src/adc.c ****   * This software is licensed under terms that can be found in the LICENSE file
  14:Core/Src/adc.c ****   * in the root directory of this software component.
  15:Core/Src/adc.c ****   * If no LICENSE file comes with this software, it is provided AS-IS.
  16:Core/Src/adc.c ****   *
  17:Core/Src/adc.c ****   ******************************************************************************
  18:Core/Src/adc.c ****   */
  19:Core/Src/adc.c **** /* USER CODE END Header */
  20:Core/Src/adc.c **** /* Includes ------------------------------------------------------------------*/
  21:Core/Src/adc.c **** #include "adc.h"
  22:Core/Src/adc.c **** 
  23:Core/Src/adc.c **** /* USER CODE BEGIN 0 */
  24:Core/Src/adc.c **** 
  25:Core/Src/adc.c **** /* USER CODE END 0 */
  26:Core/Src/adc.c **** 
  27:Core/Src/adc.c **** ADC_HandleTypeDef hadc1;
  28:Core/Src/adc.c **** 
  29:Core/Src/adc.c **** /* ADC1 init function */
  30:Core/Src/adc.c **** void MX_ADC1_Init(void)
ARM GAS  C:\Users\joe20\AppData\Local\Temp\ccR92a6W.s 			page 2


  31:Core/Src/adc.c **** {
  29              		.loc 1 31 1 view -0
  30              		.cfi_startproc
  31              		@ args = 0, pretend = 0, frame = 24
  32              		@ frame_needed = 0, uses_anonymous_args = 0
  33 0000 00B5     		push	{lr}
  34              	.LCFI0:
  35              		.cfi_def_cfa_offset 4
  36              		.cfi_offset 14, -4
  37 0002 87B0     		sub	sp, sp, #28
  38              	.LCFI1:
  39              		.cfi_def_cfa_offset 32
  32:Core/Src/adc.c **** 
  33:Core/Src/adc.c ****   /* USER CODE BEGIN ADC1_Init 0 */
  34:Core/Src/adc.c **** 
  35:Core/Src/adc.c ****   /* USER CODE END ADC1_Init 0 */
  36:Core/Src/adc.c **** 
  37:Core/Src/adc.c ****   ADC_ChannelConfTypeDef sConfig = {0};
  40              		.loc 1 37 3 view .LVU1
  41              		.loc 1 37 26 is_stmt 0 view .LVU2
  42 0004 0023     		movs	r3, #0
  43 0006 0093     		str	r3, [sp]
  44 0008 0193     		str	r3, [sp, #4]
  45 000a 0293     		str	r3, [sp, #8]
  46 000c 0393     		str	r3, [sp, #12]
  47 000e 0493     		str	r3, [sp, #16]
  48 0010 0593     		str	r3, [sp, #20]
  38:Core/Src/adc.c **** 
  39:Core/Src/adc.c ****   /* USER CODE BEGIN ADC1_Init 1 */
  40:Core/Src/adc.c **** 
  41:Core/Src/adc.c ****   /* USER CODE END ADC1_Init 1 */
  42:Core/Src/adc.c **** 
  43:Core/Src/adc.c ****   /** Common config
  44:Core/Src/adc.c ****   */
  45:Core/Src/adc.c ****   hadc1.Instance = ADC1;
  49              		.loc 1 45 3 is_stmt 1 view .LVU3
  50              		.loc 1 45 18 is_stmt 0 view .LVU4
  51 0012 1948     		ldr	r0, .L7
  52 0014 194A     		ldr	r2, .L7+4
  53 0016 0260     		str	r2, [r0]
  46:Core/Src/adc.c ****   hadc1.Init.ClockPrescaler = ADC_CLOCK_ASYNC_DIV1;
  54              		.loc 1 46 3 is_stmt 1 view .LVU5
  55              		.loc 1 46 29 is_stmt 0 view .LVU6
  56 0018 4360     		str	r3, [r0, #4]
  47:Core/Src/adc.c ****   hadc1.Init.Resolution = ADC_RESOLUTION_12B;
  57              		.loc 1 47 3 is_stmt 1 view .LVU7
  58              		.loc 1 47 25 is_stmt 0 view .LVU8
  59 001a 8360     		str	r3, [r0, #8]
  48:Core/Src/adc.c ****   hadc1.Init.DataAlign = ADC_DATAALIGN_RIGHT;
  60              		.loc 1 48 3 is_stmt 1 view .LVU9
  61              		.loc 1 48 24 is_stmt 0 view .LVU10
  62 001c C360     		str	r3, [r0, #12]
  49:Core/Src/adc.c ****   hadc1.Init.ScanConvMode = ADC_SCAN_DISABLE;
  63              		.loc 1 49 3 is_stmt 1 view .LVU11
  64              		.loc 1 49 27 is_stmt 0 view .LVU12
  65 001e 0361     		str	r3, [r0, #16]
  50:Core/Src/adc.c ****   hadc1.Init.EOCSelection = ADC_EOC_SINGLE_CONV;
ARM GAS  C:\Users\joe20\AppData\Local\Temp\ccR92a6W.s 			page 3


  66              		.loc 1 50 3 is_stmt 1 view .LVU13
  67              		.loc 1 50 27 is_stmt 0 view .LVU14
  68 0020 0422     		movs	r2, #4
  69 0022 4261     		str	r2, [r0, #20]
  51:Core/Src/adc.c ****   hadc1.Init.LowPowerAutoWait = DISABLE;
  70              		.loc 1 51 3 is_stmt 1 view .LVU15
  71              		.loc 1 51 31 is_stmt 0 view .LVU16
  72 0024 0376     		strb	r3, [r0, #24]
  52:Core/Src/adc.c ****   hadc1.Init.ContinuousConvMode = DISABLE;
  73              		.loc 1 52 3 is_stmt 1 view .LVU17
  74              		.loc 1 52 33 is_stmt 0 view .LVU18
  75 0026 4376     		strb	r3, [r0, #25]
  53:Core/Src/adc.c ****   hadc1.Init.NbrOfConversion = 1;
  76              		.loc 1 53 3 is_stmt 1 view .LVU19
  77              		.loc 1 53 30 is_stmt 0 view .LVU20
  78 0028 0122     		movs	r2, #1
  79 002a C261     		str	r2, [r0, #28]
  54:Core/Src/adc.c ****   hadc1.Init.DiscontinuousConvMode = DISABLE;
  80              		.loc 1 54 3 is_stmt 1 view .LVU21
  81              		.loc 1 54 36 is_stmt 0 view .LVU22
  82 002c 80F82030 		strb	r3, [r0, #32]
  55:Core/Src/adc.c ****   hadc1.Init.ExternalTrigConv = ADC_SOFTWARE_START;
  83              		.loc 1 55 3 is_stmt 1 view .LVU23
  84              		.loc 1 55 31 is_stmt 0 view .LVU24
  85 0030 8362     		str	r3, [r0, #40]
  56:Core/Src/adc.c ****   hadc1.Init.ExternalTrigConvEdge = ADC_EXTERNALTRIGCONVEDGE_NONE;
  86              		.loc 1 56 3 is_stmt 1 view .LVU25
  87              		.loc 1 56 35 is_stmt 0 view .LVU26
  88 0032 C362     		str	r3, [r0, #44]
  57:Core/Src/adc.c ****   hadc1.Init.DMAContinuousRequests = DISABLE;
  89              		.loc 1 57 3 is_stmt 1 view .LVU27
  90              		.loc 1 57 36 is_stmt 0 view .LVU28
  91 0034 80F83030 		strb	r3, [r0, #48]
  58:Core/Src/adc.c ****   hadc1.Init.Overrun = ADC_OVR_DATA_PRESERVED;
  92              		.loc 1 58 3 is_stmt 1 view .LVU29
  93              		.loc 1 58 22 is_stmt 0 view .LVU30
  94 0038 4363     		str	r3, [r0, #52]
  59:Core/Src/adc.c ****   hadc1.Init.OversamplingMode = DISABLE;
  95              		.loc 1 59 3 is_stmt 1 view .LVU31
  96              		.loc 1 59 31 is_stmt 0 view .LVU32
  97 003a 80F83830 		strb	r3, [r0, #56]
  60:Core/Src/adc.c ****   if (HAL_ADC_Init(&hadc1) != HAL_OK)
  98              		.loc 1 60 3 is_stmt 1 view .LVU33
  99              		.loc 1 60 7 is_stmt 0 view .LVU34
 100 003e FFF7FEFF 		bl	HAL_ADC_Init
 101              	.LVL0:
 102              		.loc 1 60 6 discriminator 1 view .LVU35
 103 0042 90B9     		cbnz	r0, .L5
 104              	.L2:
  61:Core/Src/adc.c ****   {
  62:Core/Src/adc.c ****     Error_Handler();
  63:Core/Src/adc.c ****   }
  64:Core/Src/adc.c **** 
  65:Core/Src/adc.c ****   /** Configure Regular Channel
  66:Core/Src/adc.c ****   */
  67:Core/Src/adc.c ****   sConfig.Channel = ADC_CHANNEL_5;
 105              		.loc 1 67 3 is_stmt 1 view .LVU36
ARM GAS  C:\Users\joe20\AppData\Local\Temp\ccR92a6W.s 			page 4


 106              		.loc 1 67 19 is_stmt 0 view .LVU37
 107 0044 0E4B     		ldr	r3, .L7+8
 108 0046 0093     		str	r3, [sp]
  68:Core/Src/adc.c ****   sConfig.Rank = ADC_REGULAR_RANK_1;
 109              		.loc 1 68 3 is_stmt 1 view .LVU38
 110              		.loc 1 68 16 is_stmt 0 view .LVU39
 111 0048 0623     		movs	r3, #6
 112 004a 0193     		str	r3, [sp, #4]
  69:Core/Src/adc.c ****   sConfig.SamplingTime = ADC_SAMPLETIME_2CYCLES_5;
 113              		.loc 1 69 3 is_stmt 1 view .LVU40
 114              		.loc 1 69 24 is_stmt 0 view .LVU41
 115 004c 0023     		movs	r3, #0
 116 004e 0293     		str	r3, [sp, #8]
  70:Core/Src/adc.c ****   sConfig.SingleDiff = ADC_SINGLE_ENDED;
 117              		.loc 1 70 3 is_stmt 1 view .LVU42
 118              		.loc 1 70 22 is_stmt 0 view .LVU43
 119 0050 7F22     		movs	r2, #127
 120 0052 0392     		str	r2, [sp, #12]
  71:Core/Src/adc.c ****   sConfig.OffsetNumber = ADC_OFFSET_NONE;
 121              		.loc 1 71 3 is_stmt 1 view .LVU44
 122              		.loc 1 71 24 is_stmt 0 view .LVU45
 123 0054 0422     		movs	r2, #4
 124 0056 0492     		str	r2, [sp, #16]
  72:Core/Src/adc.c ****   sConfig.Offset = 0;
 125              		.loc 1 72 3 is_stmt 1 view .LVU46
 126              		.loc 1 72 18 is_stmt 0 view .LVU47
 127 0058 0593     		str	r3, [sp, #20]
  73:Core/Src/adc.c ****   if (HAL_ADC_ConfigChannel(&hadc1, &sConfig) != HAL_OK)
 128              		.loc 1 73 3 is_stmt 1 view .LVU48
 129              		.loc 1 73 7 is_stmt 0 view .LVU49
 130 005a 6946     		mov	r1, sp
 131 005c 0648     		ldr	r0, .L7
 132 005e FFF7FEFF 		bl	HAL_ADC_ConfigChannel
 133              	.LVL1:
 134              		.loc 1 73 6 discriminator 1 view .LVU50
 135 0062 28B9     		cbnz	r0, .L6
 136              	.L1:
  74:Core/Src/adc.c ****   {
  75:Core/Src/adc.c ****     Error_Handler();
  76:Core/Src/adc.c ****   }
  77:Core/Src/adc.c ****   /* USER CODE BEGIN ADC1_Init 2 */
  78:Core/Src/adc.c **** 
  79:Core/Src/adc.c ****   /* USER CODE END ADC1_Init 2 */
  80:Core/Src/adc.c **** 
  81:Core/Src/adc.c **** }
 137              		.loc 1 81 1 view .LVU51
 138 0064 07B0     		add	sp, sp, #28
 139              	.LCFI2:
 140              		.cfi_remember_state
 141              		.cfi_def_cfa_offset 4
 142              		@ sp needed
 143 0066 5DF804FB 		ldr	pc, [sp], #4
 144              	.L5:
 145              	.LCFI3:
 146              		.cfi_restore_state
  62:Core/Src/adc.c ****   }
 147              		.loc 1 62 5 is_stmt 1 view .LVU52
ARM GAS  C:\Users\joe20\AppData\Local\Temp\ccR92a6W.s 			page 5


 148 006a FFF7FEFF 		bl	Error_Handler
 149              	.LVL2:
 150 006e E9E7     		b	.L2
 151              	.L6:
  75:Core/Src/adc.c ****   }
 152              		.loc 1 75 5 view .LVU53
 153 0070 FFF7FEFF 		bl	Error_Handler
 154              	.LVL3:
 155              		.loc 1 81 1 is_stmt 0 view .LVU54
 156 0074 F6E7     		b	.L1
 157              	.L8:
 158 0076 00BF     		.align	2
 159              	.L7:
 160 0078 00000000 		.word	hadc1
 161 007c 00000450 		.word	1342439424
 162 0080 2000F014 		.word	351272992
 163              		.cfi_endproc
 164              	.LFE288:
 166              		.section	.text.HAL_ADC_MspInit,"ax",%progbits
 167              		.align	1
 168              		.global	HAL_ADC_MspInit
 169              		.syntax unified
 170              		.thumb
 171              		.thumb_func
 173              	HAL_ADC_MspInit:
 174              	.LVL4:
 175              	.LFB289:
  82:Core/Src/adc.c **** 
  83:Core/Src/adc.c **** void HAL_ADC_MspInit(ADC_HandleTypeDef* adcHandle)
  84:Core/Src/adc.c **** {
 176              		.loc 1 84 1 is_stmt 1 view -0
 177              		.cfi_startproc
 178              		@ args = 0, pretend = 0, frame = 112
 179              		@ frame_needed = 0, uses_anonymous_args = 0
 180              		.loc 1 84 1 is_stmt 0 view .LVU56
 181 0000 10B5     		push	{r4, lr}
 182              	.LCFI4:
 183              		.cfi_def_cfa_offset 8
 184              		.cfi_offset 4, -8
 185              		.cfi_offset 14, -4
 186 0002 9CB0     		sub	sp, sp, #112
 187              	.LCFI5:
 188              		.cfi_def_cfa_offset 120
 189 0004 0446     		mov	r4, r0
  85:Core/Src/adc.c **** 
  86:Core/Src/adc.c ****   GPIO_InitTypeDef GPIO_InitStruct = {0};
 190              		.loc 1 86 3 is_stmt 1 view .LVU57
 191              		.loc 1 86 20 is_stmt 0 view .LVU58
 192 0006 0021     		movs	r1, #0
 193 0008 1791     		str	r1, [sp, #92]
 194 000a 1891     		str	r1, [sp, #96]
 195 000c 1991     		str	r1, [sp, #100]
 196 000e 1A91     		str	r1, [sp, #104]
 197 0010 1B91     		str	r1, [sp, #108]
  87:Core/Src/adc.c ****   RCC_PeriphCLKInitTypeDef PeriphClkInit = {0};
 198              		.loc 1 87 3 is_stmt 1 view .LVU59
 199              		.loc 1 87 28 is_stmt 0 view .LVU60
ARM GAS  C:\Users\joe20\AppData\Local\Temp\ccR92a6W.s 			page 6


 200 0012 5422     		movs	r2, #84
 201 0014 02A8     		add	r0, sp, #8
 202              	.LVL5:
 203              		.loc 1 87 28 view .LVU61
 204 0016 FFF7FEFF 		bl	memset
 205              	.LVL6:
  88:Core/Src/adc.c ****   if(adcHandle->Instance==ADC1)
 206              		.loc 1 88 3 is_stmt 1 view .LVU62
 207              		.loc 1 88 15 is_stmt 0 view .LVU63
 208 001a 2268     		ldr	r2, [r4]
 209              		.loc 1 88 5 view .LVU64
 210 001c 1E4B     		ldr	r3, .L15
 211 001e 9A42     		cmp	r2, r3
 212 0020 01D0     		beq	.L13
 213              	.L9:
  89:Core/Src/adc.c ****   {
  90:Core/Src/adc.c ****   /* USER CODE BEGIN ADC1_MspInit 0 */
  91:Core/Src/adc.c **** 
  92:Core/Src/adc.c ****   /* USER CODE END ADC1_MspInit 0 */
  93:Core/Src/adc.c **** 
  94:Core/Src/adc.c ****   /** Initializes the peripherals clock
  95:Core/Src/adc.c ****   */
  96:Core/Src/adc.c ****     PeriphClkInit.PeriphClockSelection = RCC_PERIPHCLK_ADC;
  97:Core/Src/adc.c ****     PeriphClkInit.AdcClockSelection = RCC_ADCCLKSOURCE_PLLSAI1;
  98:Core/Src/adc.c ****     PeriphClkInit.PLLSAI1.PLLSAI1Source = RCC_PLLSOURCE_MSI;
  99:Core/Src/adc.c ****     PeriphClkInit.PLLSAI1.PLLSAI1M = 1;
 100:Core/Src/adc.c ****     PeriphClkInit.PLLSAI1.PLLSAI1N = 16;
 101:Core/Src/adc.c ****     PeriphClkInit.PLLSAI1.PLLSAI1P = RCC_PLLP_DIV7;
 102:Core/Src/adc.c ****     PeriphClkInit.PLLSAI1.PLLSAI1Q = RCC_PLLQ_DIV2;
 103:Core/Src/adc.c ****     PeriphClkInit.PLLSAI1.PLLSAI1R = RCC_PLLR_DIV2;
 104:Core/Src/adc.c ****     PeriphClkInit.PLLSAI1.PLLSAI1ClockOut = RCC_PLLSAI1_ADC1CLK;
 105:Core/Src/adc.c ****     if (HAL_RCCEx_PeriphCLKConfig(&PeriphClkInit) != HAL_OK)
 106:Core/Src/adc.c ****     {
 107:Core/Src/adc.c ****       Error_Handler();
 108:Core/Src/adc.c ****     }
 109:Core/Src/adc.c **** 
 110:Core/Src/adc.c ****     /* ADC1 clock enable */
 111:Core/Src/adc.c ****     __HAL_RCC_ADC_CLK_ENABLE();
 112:Core/Src/adc.c **** 
 113:Core/Src/adc.c ****     __HAL_RCC_GPIOA_CLK_ENABLE();
 114:Core/Src/adc.c ****     /**ADC1 GPIO Configuration
 115:Core/Src/adc.c ****     PA0     ------> ADC1_IN5
 116:Core/Src/adc.c ****     */
 117:Core/Src/adc.c ****     GPIO_InitStruct.Pin = GPIO_PIN_0;
 118:Core/Src/adc.c ****     GPIO_InitStruct.Mode = GPIO_MODE_ANALOG_ADC_CONTROL;
 119:Core/Src/adc.c ****     GPIO_InitStruct.Pull = GPIO_NOPULL;
 120:Core/Src/adc.c ****     HAL_GPIO_Init(GPIOA, &GPIO_InitStruct);
 121:Core/Src/adc.c **** 
 122:Core/Src/adc.c ****   /* USER CODE BEGIN ADC1_MspInit 1 */
 123:Core/Src/adc.c **** 
 124:Core/Src/adc.c ****   /* USER CODE END ADC1_MspInit 1 */
 125:Core/Src/adc.c ****   }
 126:Core/Src/adc.c **** }
 214              		.loc 1 126 1 view .LVU65
 215 0022 1CB0     		add	sp, sp, #112
 216              	.LCFI6:
 217              		.cfi_remember_state
ARM GAS  C:\Users\joe20\AppData\Local\Temp\ccR92a6W.s 			page 7


 218              		.cfi_def_cfa_offset 8
 219              		@ sp needed
 220 0024 10BD     		pop	{r4, pc}
 221              	.LVL7:
 222              	.L13:
 223              	.LCFI7:
 224              		.cfi_restore_state
  96:Core/Src/adc.c ****     PeriphClkInit.AdcClockSelection = RCC_ADCCLKSOURCE_PLLSAI1;
 225              		.loc 1 96 5 is_stmt 1 view .LVU66
  96:Core/Src/adc.c ****     PeriphClkInit.AdcClockSelection = RCC_ADCCLKSOURCE_PLLSAI1;
 226              		.loc 1 96 40 is_stmt 0 view .LVU67
 227 0026 4FF48043 		mov	r3, #16384
 228 002a 0293     		str	r3, [sp, #8]
  97:Core/Src/adc.c ****     PeriphClkInit.PLLSAI1.PLLSAI1Source = RCC_PLLSOURCE_MSI;
 229              		.loc 1 97 5 is_stmt 1 view .LVU68
  97:Core/Src/adc.c ****     PeriphClkInit.PLLSAI1.PLLSAI1Source = RCC_PLLSOURCE_MSI;
 230              		.loc 1 97 37 is_stmt 0 view .LVU69
 231 002c 4FF08053 		mov	r3, #268435456
 232 0030 1493     		str	r3, [sp, #80]
  98:Core/Src/adc.c ****     PeriphClkInit.PLLSAI1.PLLSAI1M = 1;
 233              		.loc 1 98 5 is_stmt 1 view .LVU70
  98:Core/Src/adc.c ****     PeriphClkInit.PLLSAI1.PLLSAI1M = 1;
 234              		.loc 1 98 41 is_stmt 0 view .LVU71
 235 0032 0123     		movs	r3, #1
 236 0034 0393     		str	r3, [sp, #12]
  99:Core/Src/adc.c ****     PeriphClkInit.PLLSAI1.PLLSAI1N = 16;
 237              		.loc 1 99 5 is_stmt 1 view .LVU72
  99:Core/Src/adc.c ****     PeriphClkInit.PLLSAI1.PLLSAI1N = 16;
 238              		.loc 1 99 36 is_stmt 0 view .LVU73
 239 0036 0493     		str	r3, [sp, #16]
 100:Core/Src/adc.c ****     PeriphClkInit.PLLSAI1.PLLSAI1P = RCC_PLLP_DIV7;
 240              		.loc 1 100 5 is_stmt 1 view .LVU74
 100:Core/Src/adc.c ****     PeriphClkInit.PLLSAI1.PLLSAI1P = RCC_PLLP_DIV7;
 241              		.loc 1 100 36 is_stmt 0 view .LVU75
 242 0038 1023     		movs	r3, #16
 243 003a 0593     		str	r3, [sp, #20]
 101:Core/Src/adc.c ****     PeriphClkInit.PLLSAI1.PLLSAI1Q = RCC_PLLQ_DIV2;
 244              		.loc 1 101 5 is_stmt 1 view .LVU76
 101:Core/Src/adc.c ****     PeriphClkInit.PLLSAI1.PLLSAI1Q = RCC_PLLQ_DIV2;
 245              		.loc 1 101 36 is_stmt 0 view .LVU77
 246 003c 0723     		movs	r3, #7
 247 003e 0693     		str	r3, [sp, #24]
 102:Core/Src/adc.c ****     PeriphClkInit.PLLSAI1.PLLSAI1R = RCC_PLLR_DIV2;
 248              		.loc 1 102 5 is_stmt 1 view .LVU78
 102:Core/Src/adc.c ****     PeriphClkInit.PLLSAI1.PLLSAI1R = RCC_PLLR_DIV2;
 249              		.loc 1 102 36 is_stmt 0 view .LVU79
 250 0040 0223     		movs	r3, #2
 251 0042 0793     		str	r3, [sp, #28]
 103:Core/Src/adc.c ****     PeriphClkInit.PLLSAI1.PLLSAI1ClockOut = RCC_PLLSAI1_ADC1CLK;
 252              		.loc 1 103 5 is_stmt 1 view .LVU80
 103:Core/Src/adc.c ****     PeriphClkInit.PLLSAI1.PLLSAI1ClockOut = RCC_PLLSAI1_ADC1CLK;
 253              		.loc 1 103 36 is_stmt 0 view .LVU81
 254 0044 0893     		str	r3, [sp, #32]
 104:Core/Src/adc.c ****     if (HAL_RCCEx_PeriphCLKConfig(&PeriphClkInit) != HAL_OK)
 255              		.loc 1 104 5 is_stmt 1 view .LVU82
 104:Core/Src/adc.c ****     if (HAL_RCCEx_PeriphCLKConfig(&PeriphClkInit) != HAL_OK)
 256              		.loc 1 104 43 is_stmt 0 view .LVU83
ARM GAS  C:\Users\joe20\AppData\Local\Temp\ccR92a6W.s 			page 8


 257 0046 4FF08073 		mov	r3, #16777216
 258 004a 0993     		str	r3, [sp, #36]
 105:Core/Src/adc.c ****     {
 259              		.loc 1 105 5 is_stmt 1 view .LVU84
 105:Core/Src/adc.c ****     {
 260              		.loc 1 105 9 is_stmt 0 view .LVU85
 261 004c 02A8     		add	r0, sp, #8
 262 004e FFF7FEFF 		bl	HAL_RCCEx_PeriphCLKConfig
 263              	.LVL8:
 105:Core/Src/adc.c ****     {
 264              		.loc 1 105 8 discriminator 1 view .LVU86
 265 0052 F0B9     		cbnz	r0, .L14
 266              	.L11:
 111:Core/Src/adc.c **** 
 267              		.loc 1 111 5 is_stmt 1 view .LVU87
 268              	.LBB2:
 111:Core/Src/adc.c **** 
 269              		.loc 1 111 5 view .LVU88
 111:Core/Src/adc.c **** 
 270              		.loc 1 111 5 view .LVU89
 271 0054 114B     		ldr	r3, .L15+4
 272 0056 DA6C     		ldr	r2, [r3, #76]
 273 0058 42F40052 		orr	r2, r2, #8192
 274 005c DA64     		str	r2, [r3, #76]
 111:Core/Src/adc.c **** 
 275              		.loc 1 111 5 view .LVU90
 276 005e DA6C     		ldr	r2, [r3, #76]
 277 0060 02F40052 		and	r2, r2, #8192
 278 0064 0092     		str	r2, [sp]
 111:Core/Src/adc.c **** 
 279              		.loc 1 111 5 view .LVU91
 280 0066 009A     		ldr	r2, [sp]
 281              	.LBE2:
 111:Core/Src/adc.c **** 
 282              		.loc 1 111 5 view .LVU92
 113:Core/Src/adc.c ****     /**ADC1 GPIO Configuration
 283              		.loc 1 113 5 view .LVU93
 284              	.LBB3:
 113:Core/Src/adc.c ****     /**ADC1 GPIO Configuration
 285              		.loc 1 113 5 view .LVU94
 113:Core/Src/adc.c ****     /**ADC1 GPIO Configuration
 286              		.loc 1 113 5 view .LVU95
 287 0068 DA6C     		ldr	r2, [r3, #76]
 288 006a 42F00102 		orr	r2, r2, #1
 289 006e DA64     		str	r2, [r3, #76]
 113:Core/Src/adc.c ****     /**ADC1 GPIO Configuration
 290              		.loc 1 113 5 view .LVU96
 291 0070 DB6C     		ldr	r3, [r3, #76]
 292 0072 03F00103 		and	r3, r3, #1
 293 0076 0193     		str	r3, [sp, #4]
 113:Core/Src/adc.c ****     /**ADC1 GPIO Configuration
 294              		.loc 1 113 5 view .LVU97
 295 0078 019B     		ldr	r3, [sp, #4]
 296              	.LBE3:
 113:Core/Src/adc.c ****     /**ADC1 GPIO Configuration
 297              		.loc 1 113 5 view .LVU98
 117:Core/Src/adc.c ****     GPIO_InitStruct.Mode = GPIO_MODE_ANALOG_ADC_CONTROL;
ARM GAS  C:\Users\joe20\AppData\Local\Temp\ccR92a6W.s 			page 9


 298              		.loc 1 117 5 view .LVU99
 117:Core/Src/adc.c ****     GPIO_InitStruct.Mode = GPIO_MODE_ANALOG_ADC_CONTROL;
 299              		.loc 1 117 25 is_stmt 0 view .LVU100
 300 007a 0123     		movs	r3, #1
 301 007c 1793     		str	r3, [sp, #92]
 118:Core/Src/adc.c ****     GPIO_InitStruct.Pull = GPIO_NOPULL;
 302              		.loc 1 118 5 is_stmt 1 view .LVU101
 118:Core/Src/adc.c ****     GPIO_InitStruct.Pull = GPIO_NOPULL;
 303              		.loc 1 118 26 is_stmt 0 view .LVU102
 304 007e 0B23     		movs	r3, #11
 305 0080 1893     		str	r3, [sp, #96]
 119:Core/Src/adc.c ****     HAL_GPIO_Init(GPIOA, &GPIO_InitStruct);
 306              		.loc 1 119 5 is_stmt 1 view .LVU103
 119:Core/Src/adc.c ****     HAL_GPIO_Init(GPIOA, &GPIO_InitStruct);
 307              		.loc 1 119 26 is_stmt 0 view .LVU104
 308 0082 0023     		movs	r3, #0
 309 0084 1993     		str	r3, [sp, #100]
 120:Core/Src/adc.c **** 
 310              		.loc 1 120 5 is_stmt 1 view .LVU105
 311 0086 17A9     		add	r1, sp, #92
 312 0088 4FF09040 		mov	r0, #1207959552
 313 008c FFF7FEFF 		bl	HAL_GPIO_Init
 314              	.LVL9:
 315              		.loc 1 126 1 is_stmt 0 view .LVU106
 316 0090 C7E7     		b	.L9
 317              	.L14:
 107:Core/Src/adc.c ****     }
 318              		.loc 1 107 7 is_stmt 1 view .LVU107
 319 0092 FFF7FEFF 		bl	Error_Handler
 320              	.LVL10:
 321 0096 DDE7     		b	.L11
 322              	.L16:
 323              		.align	2
 324              	.L15:
 325 0098 00000450 		.word	1342439424
 326 009c 00100240 		.word	1073876992
 327              		.cfi_endproc
 328              	.LFE289:
 330              		.section	.text.HAL_ADC_MspDeInit,"ax",%progbits
 331              		.align	1
 332              		.global	HAL_ADC_MspDeInit
 333              		.syntax unified
 334              		.thumb
 335              		.thumb_func
 337              	HAL_ADC_MspDeInit:
 338              	.LVL11:
 339              	.LFB290:
 127:Core/Src/adc.c **** 
 128:Core/Src/adc.c **** void HAL_ADC_MspDeInit(ADC_HandleTypeDef* adcHandle)
 129:Core/Src/adc.c **** {
 340              		.loc 1 129 1 view -0
 341              		.cfi_startproc
 342              		@ args = 0, pretend = 0, frame = 0
 343              		@ frame_needed = 0, uses_anonymous_args = 0
 344              		.loc 1 129 1 is_stmt 0 view .LVU109
 345 0000 08B5     		push	{r3, lr}
 346              	.LCFI8:
ARM GAS  C:\Users\joe20\AppData\Local\Temp\ccR92a6W.s 			page 10


 347              		.cfi_def_cfa_offset 8
 348              		.cfi_offset 3, -8
 349              		.cfi_offset 14, -4
 130:Core/Src/adc.c **** 
 131:Core/Src/adc.c ****   if(adcHandle->Instance==ADC1)
 350              		.loc 1 131 3 is_stmt 1 view .LVU110
 351              		.loc 1 131 15 is_stmt 0 view .LVU111
 352 0002 0268     		ldr	r2, [r0]
 353              		.loc 1 131 5 view .LVU112
 354 0004 074B     		ldr	r3, .L21
 355 0006 9A42     		cmp	r2, r3
 356 0008 00D0     		beq	.L20
 357              	.LVL12:
 358              	.L17:
 132:Core/Src/adc.c ****   {
 133:Core/Src/adc.c ****   /* USER CODE BEGIN ADC1_MspDeInit 0 */
 134:Core/Src/adc.c **** 
 135:Core/Src/adc.c ****   /* USER CODE END ADC1_MspDeInit 0 */
 136:Core/Src/adc.c ****     /* Peripheral clock disable */
 137:Core/Src/adc.c ****     __HAL_RCC_ADC_CLK_DISABLE();
 138:Core/Src/adc.c **** 
 139:Core/Src/adc.c ****     /**ADC1 GPIO Configuration
 140:Core/Src/adc.c ****     PA0     ------> ADC1_IN5
 141:Core/Src/adc.c ****     */
 142:Core/Src/adc.c ****     HAL_GPIO_DeInit(GPIOA, GPIO_PIN_0);
 143:Core/Src/adc.c **** 
 144:Core/Src/adc.c ****   /* USER CODE BEGIN ADC1_MspDeInit 1 */
 145:Core/Src/adc.c **** 
 146:Core/Src/adc.c ****   /* USER CODE END ADC1_MspDeInit 1 */
 147:Core/Src/adc.c ****   }
 148:Core/Src/adc.c **** }
 359              		.loc 1 148 1 view .LVU113
 360 000a 08BD     		pop	{r3, pc}
 361              	.LVL13:
 362              	.L20:
 137:Core/Src/adc.c **** 
 363              		.loc 1 137 5 is_stmt 1 view .LVU114
 364 000c 064A     		ldr	r2, .L21+4
 365 000e D36C     		ldr	r3, [r2, #76]
 366 0010 23F40053 		bic	r3, r3, #8192
 367 0014 D364     		str	r3, [r2, #76]
 142:Core/Src/adc.c **** 
 368              		.loc 1 142 5 view .LVU115
 369 0016 0121     		movs	r1, #1
 370 0018 4FF09040 		mov	r0, #1207959552
 371              	.LVL14:
 142:Core/Src/adc.c **** 
 372              		.loc 1 142 5 is_stmt 0 view .LVU116
 373 001c FFF7FEFF 		bl	HAL_GPIO_DeInit
 374              	.LVL15:
 375              		.loc 1 148 1 view .LVU117
 376 0020 F3E7     		b	.L17
 377              	.L22:
 378 0022 00BF     		.align	2
 379              	.L21:
 380 0024 00000450 		.word	1342439424
 381 0028 00100240 		.word	1073876992
ARM GAS  C:\Users\joe20\AppData\Local\Temp\ccR92a6W.s 			page 11


 382              		.cfi_endproc
 383              	.LFE290:
 385              		.global	hadc1
 386              		.section	.bss.hadc1,"aw",%nobits
 387              		.align	2
 390              	hadc1:
 391 0000 00000000 		.space	100
 391      00000000 
 391      00000000 
 391      00000000 
 391      00000000 
 392              		.text
 393              	.Letext0:
 394              		.file 2 "C:/Program Files (x86)/Arm GNU Toolchain arm-none-eabi/14.2 rel1/arm-none-eabi/include/ma
 395              		.file 3 "C:/Program Files (x86)/Arm GNU Toolchain arm-none-eabi/14.2 rel1/arm-none-eabi/include/sy
 396              		.file 4 "Drivers/CMSIS/Device/ST/STM32L4xx/Include/stm32l432xx.h"
 397              		.file 5 "Drivers/CMSIS/Device/ST/STM32L4xx/Include/stm32l4xx.h"
 398              		.file 6 "Drivers/STM32L4xx_HAL_Driver/Inc/stm32l4xx_hal_def.h"
 399              		.file 7 "Drivers/STM32L4xx_HAL_Driver/Inc/stm32l4xx_hal_rcc_ex.h"
 400              		.file 8 "Drivers/STM32L4xx_HAL_Driver/Inc/stm32l4xx_hal_gpio.h"
 401              		.file 9 "Drivers/STM32L4xx_HAL_Driver/Inc/stm32l4xx_hal_dma.h"
 402              		.file 10 "Drivers/STM32L4xx_HAL_Driver/Inc/stm32l4xx_hal_adc.h"
 403              		.file 11 "Core/Inc/adc.h"
 404              		.file 12 "Core/Inc/main.h"
 405              		.file 13 "<built-in>"
ARM GAS  C:\Users\joe20\AppData\Local\Temp\ccR92a6W.s 			page 12


DEFINED SYMBOLS
                            *ABS*:00000000 adc.c
C:\Users\joe20\AppData\Local\Temp\ccR92a6W.s:21     .text.MX_ADC1_Init:00000000 $t
C:\Users\joe20\AppData\Local\Temp\ccR92a6W.s:27     .text.MX_ADC1_Init:00000000 MX_ADC1_Init
C:\Users\joe20\AppData\Local\Temp\ccR92a6W.s:160    .text.MX_ADC1_Init:00000078 $d
C:\Users\joe20\AppData\Local\Temp\ccR92a6W.s:390    .bss.hadc1:00000000 hadc1
C:\Users\joe20\AppData\Local\Temp\ccR92a6W.s:167    .text.HAL_ADC_MspInit:00000000 $t
C:\Users\joe20\AppData\Local\Temp\ccR92a6W.s:173    .text.HAL_ADC_MspInit:00000000 HAL_ADC_MspInit
C:\Users\joe20\AppData\Local\Temp\ccR92a6W.s:325    .text.HAL_ADC_MspInit:00000098 $d
C:\Users\joe20\AppData\Local\Temp\ccR92a6W.s:331    .text.HAL_ADC_MspDeInit:00000000 $t
C:\Users\joe20\AppData\Local\Temp\ccR92a6W.s:337    .text.HAL_ADC_MspDeInit:00000000 HAL_ADC_MspDeInit
C:\Users\joe20\AppData\Local\Temp\ccR92a6W.s:380    .text.HAL_ADC_MspDeInit:00000024 $d
C:\Users\joe20\AppData\Local\Temp\ccR92a6W.s:387    .bss.hadc1:00000000 $d

UNDEFINED SYMBOLS
HAL_ADC_Init
HAL_ADC_ConfigChannel
Error_Handler
memset
HAL_RCCEx_PeriphCLKConfig
HAL_GPIO_Init
HAL_GPIO_DeInit
