ARM GAS  /tmp/ccJHpC0p.s 			page 1


   1              		.cpu cortex-m4
   2              		.eabi_attribute 27, 1
   3              		.eabi_attribute 28, 1
   4              		.eabi_attribute 20, 1
   5              		.eabi_attribute 21, 1
   6              		.eabi_attribute 23, 3
   7              		.eabi_attribute 24, 1
   8              		.eabi_attribute 25, 1
   9              		.eabi_attribute 26, 1
  10              		.eabi_attribute 30, 1
  11              		.eabi_attribute 34, 1
  12              		.eabi_attribute 18, 4
  13              		.file	"gpio.c"
  14              		.text
  15              	.Ltext0:
  16              		.cfi_sections	.debug_frame
  17              		.section	.text.MX_GPIO_Init,"ax",%progbits
  18              		.align	1
  19              		.global	MX_GPIO_Init
  20              		.arch armv7e-m
  21              		.syntax unified
  22              		.thumb
  23              		.thumb_func
  24              		.fpu fpv4-sp-d16
  26              	MX_GPIO_Init:
  27              	.LFB132:
  28              		.file 1 "Core/Src/gpio.c"
   1:Core/Src/gpio.c **** /* USER CODE BEGIN Header */
   2:Core/Src/gpio.c **** /**
   3:Core/Src/gpio.c ****   ******************************************************************************
   4:Core/Src/gpio.c ****   * @file    gpio.c
   5:Core/Src/gpio.c ****   * @brief   This file provides code for the configuration
   6:Core/Src/gpio.c ****   *          of all used GPIO pins.
   7:Core/Src/gpio.c ****   ******************************************************************************
   8:Core/Src/gpio.c ****   * @attention
   9:Core/Src/gpio.c ****   *
  10:Core/Src/gpio.c ****   * Copyright (c) 2025 STMicroelectronics.
  11:Core/Src/gpio.c ****   * All rights reserved.
  12:Core/Src/gpio.c ****   *
  13:Core/Src/gpio.c ****   * This software is licensed under terms that can be found in the LICENSE file
  14:Core/Src/gpio.c ****   * in the root directory of this software component.
  15:Core/Src/gpio.c ****   * If no LICENSE file comes with this software, it is provided AS-IS.
  16:Core/Src/gpio.c ****   *
  17:Core/Src/gpio.c ****   ******************************************************************************
  18:Core/Src/gpio.c ****   */
  19:Core/Src/gpio.c **** /* USER CODE END Header */
  20:Core/Src/gpio.c **** 
  21:Core/Src/gpio.c **** /* Includes ------------------------------------------------------------------*/
  22:Core/Src/gpio.c **** #include "gpio.h"
  23:Core/Src/gpio.c **** 
  24:Core/Src/gpio.c **** /* USER CODE BEGIN 0 */
  25:Core/Src/gpio.c **** 
  26:Core/Src/gpio.c **** /* USER CODE END 0 */
  27:Core/Src/gpio.c **** 
  28:Core/Src/gpio.c **** /*----------------------------------------------------------------------------*/
  29:Core/Src/gpio.c **** /* Configure GPIO                                                             */
  30:Core/Src/gpio.c **** /*----------------------------------------------------------------------------*/
ARM GAS  /tmp/ccJHpC0p.s 			page 2


  31:Core/Src/gpio.c **** /* USER CODE BEGIN 1 */
  32:Core/Src/gpio.c **** 
  33:Core/Src/gpio.c **** /* USER CODE END 1 */
  34:Core/Src/gpio.c **** 
  35:Core/Src/gpio.c **** /** Configure pins
  36:Core/Src/gpio.c **** */
  37:Core/Src/gpio.c **** void MX_GPIO_Init(void)
  38:Core/Src/gpio.c **** {
  29              		.loc 1 38 1 view -0
  30              		.cfi_startproc
  31              		@ args = 0, pretend = 0, frame = 24
  32              		@ frame_needed = 0, uses_anonymous_args = 0
  33 0000 30B5     		push	{r4, r5, lr}
  34              	.LCFI0:
  35              		.cfi_def_cfa_offset 12
  36              		.cfi_offset 4, -12
  37              		.cfi_offset 5, -8
  38              		.cfi_offset 14, -4
  39 0002 87B0     		sub	sp, sp, #28
  40              	.LCFI1:
  41              		.cfi_def_cfa_offset 40
  39:Core/Src/gpio.c **** 
  40:Core/Src/gpio.c ****   GPIO_InitTypeDef GPIO_InitStruct = {0};
  42              		.loc 1 40 3 view .LVU1
  43              		.loc 1 40 20 is_stmt 0 view .LVU2
  44 0004 0024     		movs	r4, #0
  45 0006 0194     		str	r4, [sp, #4]
  46 0008 0294     		str	r4, [sp, #8]
  47 000a 0394     		str	r4, [sp, #12]
  48 000c 0494     		str	r4, [sp, #16]
  49 000e 0594     		str	r4, [sp, #20]
  41:Core/Src/gpio.c **** 
  42:Core/Src/gpio.c ****   /* GPIO Ports Clock Enable */
  43:Core/Src/gpio.c ****   __HAL_RCC_GPIOB_CLK_ENABLE();
  50              		.loc 1 43 3 is_stmt 1 view .LVU3
  51              	.LBB2:
  52              		.loc 1 43 3 view .LVU4
  53              		.loc 1 43 3 view .LVU5
  54 0010 0D4B     		ldr	r3, .L3
  55 0012 DA6C     		ldr	r2, [r3, #76]
  56 0014 42F00202 		orr	r2, r2, #2
  57 0018 DA64     		str	r2, [r3, #76]
  58              		.loc 1 43 3 view .LVU6
  59 001a DB6C     		ldr	r3, [r3, #76]
  60 001c 03F00203 		and	r3, r3, #2
  61 0020 0093     		str	r3, [sp]
  62              		.loc 1 43 3 view .LVU7
  63 0022 009B     		ldr	r3, [sp]
  64              	.LBE2:
  65              		.loc 1 43 3 view .LVU8
  44:Core/Src/gpio.c **** 
  45:Core/Src/gpio.c ****   /*Configure GPIO pin Output Level */
  46:Core/Src/gpio.c ****   HAL_GPIO_WritePin(GPIOB, GPIO_PIN_7, GPIO_PIN_RESET);
  66              		.loc 1 46 3 view .LVU9
  67 0024 094D     		ldr	r5, .L3+4
  68 0026 2246     		mov	r2, r4
  69 0028 8021     		movs	r1, #128
ARM GAS  /tmp/ccJHpC0p.s 			page 3


  70 002a 2846     		mov	r0, r5
  71 002c FFF7FEFF 		bl	HAL_GPIO_WritePin
  72              	.LVL0:
  47:Core/Src/gpio.c **** 
  48:Core/Src/gpio.c ****   /*Configure GPIO pin : PB7 */
  49:Core/Src/gpio.c ****   GPIO_InitStruct.Pin = GPIO_PIN_7;
  73              		.loc 1 49 3 view .LVU10
  74              		.loc 1 49 23 is_stmt 0 view .LVU11
  75 0030 8023     		movs	r3, #128
  76 0032 0193     		str	r3, [sp, #4]
  50:Core/Src/gpio.c ****   GPIO_InitStruct.Mode = GPIO_MODE_OUTPUT_PP;
  77              		.loc 1 50 3 is_stmt 1 view .LVU12
  78              		.loc 1 50 24 is_stmt 0 view .LVU13
  79 0034 0123     		movs	r3, #1
  80 0036 0293     		str	r3, [sp, #8]
  51:Core/Src/gpio.c ****   GPIO_InitStruct.Pull = GPIO_NOPULL;
  81              		.loc 1 51 3 is_stmt 1 view .LVU14
  82              		.loc 1 51 24 is_stmt 0 view .LVU15
  83 0038 0394     		str	r4, [sp, #12]
  52:Core/Src/gpio.c ****   GPIO_InitStruct.Speed = GPIO_SPEED_FREQ_LOW;
  84              		.loc 1 52 3 is_stmt 1 view .LVU16
  85              		.loc 1 52 25 is_stmt 0 view .LVU17
  86 003a 0494     		str	r4, [sp, #16]
  53:Core/Src/gpio.c ****   HAL_GPIO_Init(GPIOB, &GPIO_InitStruct);
  87              		.loc 1 53 3 is_stmt 1 view .LVU18
  88 003c 01A9     		add	r1, sp, #4
  89 003e 2846     		mov	r0, r5
  90 0040 FFF7FEFF 		bl	HAL_GPIO_Init
  91              	.LVL1:
  54:Core/Src/gpio.c **** 
  55:Core/Src/gpio.c **** }
  92              		.loc 1 55 1 is_stmt 0 view .LVU19
  93 0044 07B0     		add	sp, sp, #28
  94              	.LCFI2:
  95              		.cfi_def_cfa_offset 12
  96              		@ sp needed
  97 0046 30BD     		pop	{r4, r5, pc}
  98              	.L4:
  99              		.align	2
 100              	.L3:
 101 0048 00100240 		.word	1073876992
 102 004c 00040048 		.word	1207960576
 103              		.cfi_endproc
 104              	.LFE132:
 106              		.text
 107              	.Letext0:
 108              		.file 2 "/usr/lib/gcc/arm-none-eabi/10.3.1/include/stdint.h"
 109              		.file 3 "Drivers/CMSIS/Device/ST/STM32L4xx/Include/stm32l432xx.h"
 110              		.file 4 "Drivers/STM32L4xx_HAL_Driver/Inc/stm32l4xx_hal_gpio.h"
ARM GAS  /tmp/ccJHpC0p.s 			page 4


DEFINED SYMBOLS
                            *ABS*:0000000000000000 gpio.c
     /tmp/ccJHpC0p.s:18     .text.MX_GPIO_Init:0000000000000000 $t
     /tmp/ccJHpC0p.s:26     .text.MX_GPIO_Init:0000000000000000 MX_GPIO_Init
     /tmp/ccJHpC0p.s:101    .text.MX_GPIO_Init:0000000000000048 $d

UNDEFINED SYMBOLS
HAL_GPIO_WritePin
HAL_GPIO_Init
