ARM GAS  C:\Users\joe20\AppData\Local\Temp\ccwu1rgv.s 			page 1


   1              		.cpu cortex-m4
   2              		.arch armv7e-m
   3              		.fpu fpv4-sp-d16
   4              		.eabi_attribute 27, 1
   5              		.eabi_attribute 28, 1
   6              		.eabi_attribute 20, 1
   7              		.eabi_attribute 21, 1
   8              		.eabi_attribute 23, 3
   9              		.eabi_attribute 24, 1
  10              		.eabi_attribute 25, 1
  11              		.eabi_attribute 26, 1
  12              		.eabi_attribute 30, 1
  13              		.eabi_attribute 34, 1
  14              		.eabi_attribute 18, 4
  15              		.file	"usart.c"
  16              		.text
  17              	.Ltext0:
  18              		.cfi_sections	.debug_frame
  19              		.file 1 "Core/Src/usart.c"
  20              		.section	.text.MX_USART2_Init,"ax",%progbits
  21              		.align	1
  22              		.global	MX_USART2_Init
  23              		.syntax unified
  24              		.thumb
  25              		.thumb_func
  27              	MX_USART2_Init:
  28              	.LFB288:
   1:Core/Src/usart.c **** /* USER CODE BEGIN Header */
   2:Core/Src/usart.c **** /**
   3:Core/Src/usart.c ****   ******************************************************************************
   4:Core/Src/usart.c ****   * @file    usart.c
   5:Core/Src/usart.c ****   * @brief   This file provides code for the configuration
   6:Core/Src/usart.c ****   *          of the USART instances.
   7:Core/Src/usart.c ****   ******************************************************************************
   8:Core/Src/usart.c ****   * @attention
   9:Core/Src/usart.c ****   *
  10:Core/Src/usart.c ****   * Copyright (c) 2025 STMicroelectronics.
  11:Core/Src/usart.c ****   * All rights reserved.
  12:Core/Src/usart.c ****   *
  13:Core/Src/usart.c ****   * This software is licensed under terms that can be found in the LICENSE file
  14:Core/Src/usart.c ****   * in the root directory of this software component.
  15:Core/Src/usart.c ****   * If no LICENSE file comes with this software, it is provided AS-IS.
  16:Core/Src/usart.c ****   *
  17:Core/Src/usart.c ****   ******************************************************************************
  18:Core/Src/usart.c ****   */
  19:Core/Src/usart.c **** /* USER CODE END Header */
  20:Core/Src/usart.c **** /* Includes ------------------------------------------------------------------*/
  21:Core/Src/usart.c **** #include "usart.h"
  22:Core/Src/usart.c **** 
  23:Core/Src/usart.c **** /* USER CODE BEGIN 0 */
  24:Core/Src/usart.c **** 
  25:Core/Src/usart.c **** /* USER CODE END 0 */
  26:Core/Src/usart.c **** 
  27:Core/Src/usart.c **** USART_HandleTypeDef husart2;
  28:Core/Src/usart.c **** 
  29:Core/Src/usart.c **** /* USART2 init function */
  30:Core/Src/usart.c **** void MX_USART2_Init(void)
ARM GAS  C:\Users\joe20\AppData\Local\Temp\ccwu1rgv.s 			page 2


  31:Core/Src/usart.c **** {
  29              		.loc 1 31 1 view -0
  30              		.cfi_startproc
  31              		@ args = 0, pretend = 0, frame = 0
  32              		@ frame_needed = 0, uses_anonymous_args = 0
  33 0000 08B5     		push	{r3, lr}
  34              	.LCFI0:
  35              		.cfi_def_cfa_offset 8
  36              		.cfi_offset 3, -8
  37              		.cfi_offset 14, -4
  32:Core/Src/usart.c **** 
  33:Core/Src/usart.c ****   /* USER CODE BEGIN USART2_Init 0 */
  34:Core/Src/usart.c **** 
  35:Core/Src/usart.c ****   /* USER CODE END USART2_Init 0 */
  36:Core/Src/usart.c **** 
  37:Core/Src/usart.c ****   /* USER CODE BEGIN USART2_Init 1 */
  38:Core/Src/usart.c **** 
  39:Core/Src/usart.c ****   /* USER CODE END USART2_Init 1 */
  40:Core/Src/usart.c ****   husart2.Instance = USART2;
  38              		.loc 1 40 3 view .LVU1
  39              		.loc 1 40 20 is_stmt 0 view .LVU2
  40 0002 0B48     		ldr	r0, .L5
  41 0004 0B4B     		ldr	r3, .L5+4
  42 0006 0360     		str	r3, [r0]
  41:Core/Src/usart.c ****   husart2.Init.BaudRate = 115200;
  43              		.loc 1 41 3 is_stmt 1 view .LVU3
  44              		.loc 1 41 25 is_stmt 0 view .LVU4
  45 0008 4FF4E133 		mov	r3, #115200
  46 000c 4360     		str	r3, [r0, #4]
  42:Core/Src/usart.c ****   husart2.Init.WordLength = USART_WORDLENGTH_8B;
  47              		.loc 1 42 3 is_stmt 1 view .LVU5
  48              		.loc 1 42 27 is_stmt 0 view .LVU6
  49 000e 0023     		movs	r3, #0
  50 0010 8360     		str	r3, [r0, #8]
  43:Core/Src/usart.c ****   husart2.Init.StopBits = USART_STOPBITS_1;
  51              		.loc 1 43 3 is_stmt 1 view .LVU7
  52              		.loc 1 43 25 is_stmt 0 view .LVU8
  53 0012 C360     		str	r3, [r0, #12]
  44:Core/Src/usart.c ****   husart2.Init.Parity = USART_PARITY_NONE;
  54              		.loc 1 44 3 is_stmt 1 view .LVU9
  55              		.loc 1 44 23 is_stmt 0 view .LVU10
  56 0014 0361     		str	r3, [r0, #16]
  45:Core/Src/usart.c ****   husart2.Init.Mode = USART_MODE_TX_RX;
  57              		.loc 1 45 3 is_stmt 1 view .LVU11
  58              		.loc 1 45 21 is_stmt 0 view .LVU12
  59 0016 0C22     		movs	r2, #12
  60 0018 4261     		str	r2, [r0, #20]
  46:Core/Src/usart.c ****   husart2.Init.CLKPolarity = USART_POLARITY_LOW;
  61              		.loc 1 46 3 is_stmt 1 view .LVU13
  62              		.loc 1 46 28 is_stmt 0 view .LVU14
  63 001a 8361     		str	r3, [r0, #24]
  47:Core/Src/usart.c ****   husart2.Init.CLKPhase = USART_PHASE_1EDGE;
  64              		.loc 1 47 3 is_stmt 1 view .LVU15
  65              		.loc 1 47 25 is_stmt 0 view .LVU16
  66 001c C361     		str	r3, [r0, #28]
  48:Core/Src/usart.c ****   husart2.Init.CLKLastBit = USART_LASTBIT_DISABLE;
  67              		.loc 1 48 3 is_stmt 1 view .LVU17
ARM GAS  C:\Users\joe20\AppData\Local\Temp\ccwu1rgv.s 			page 3


  68              		.loc 1 48 27 is_stmt 0 view .LVU18
  69 001e 0362     		str	r3, [r0, #32]
  49:Core/Src/usart.c ****   if (HAL_USART_Init(&husart2) != HAL_OK)
  70              		.loc 1 49 3 is_stmt 1 view .LVU19
  71              		.loc 1 49 7 is_stmt 0 view .LVU20
  72 0020 FFF7FEFF 		bl	HAL_USART_Init
  73              	.LVL0:
  74              		.loc 1 49 6 discriminator 1 view .LVU21
  75 0024 00B9     		cbnz	r0, .L4
  76              	.L1:
  50:Core/Src/usart.c ****   {
  51:Core/Src/usart.c ****     Error_Handler();
  52:Core/Src/usart.c ****   }
  53:Core/Src/usart.c ****   /* USER CODE BEGIN USART2_Init 2 */
  54:Core/Src/usart.c **** 
  55:Core/Src/usart.c ****   /* USER CODE END USART2_Init 2 */
  56:Core/Src/usart.c **** 
  57:Core/Src/usart.c **** }
  77              		.loc 1 57 1 view .LVU22
  78 0026 08BD     		pop	{r3, pc}
  79              	.L4:
  51:Core/Src/usart.c ****   }
  80              		.loc 1 51 5 is_stmt 1 view .LVU23
  81 0028 FFF7FEFF 		bl	Error_Handler
  82              	.LVL1:
  83              		.loc 1 57 1 is_stmt 0 view .LVU24
  84 002c FBE7     		b	.L1
  85              	.L6:
  86 002e 00BF     		.align	2
  87              	.L5:
  88 0030 00000000 		.word	husart2
  89 0034 00440040 		.word	1073759232
  90              		.cfi_endproc
  91              	.LFE288:
  93              		.section	.text.HAL_USART_MspInit,"ax",%progbits
  94              		.align	1
  95              		.global	HAL_USART_MspInit
  96              		.syntax unified
  97              		.thumb
  98              		.thumb_func
 100              	HAL_USART_MspInit:
 101              	.LVL2:
 102              	.LFB289:
  58:Core/Src/usart.c **** 
  59:Core/Src/usart.c **** void HAL_USART_MspInit(USART_HandleTypeDef* usartHandle)
  60:Core/Src/usart.c **** {
 103              		.loc 1 60 1 is_stmt 1 view -0
 104              		.cfi_startproc
 105              		@ args = 0, pretend = 0, frame = 112
 106              		@ frame_needed = 0, uses_anonymous_args = 0
 107              		.loc 1 60 1 is_stmt 0 view .LVU26
 108 0000 10B5     		push	{r4, lr}
 109              	.LCFI1:
 110              		.cfi_def_cfa_offset 8
 111              		.cfi_offset 4, -8
 112              		.cfi_offset 14, -4
 113 0002 9CB0     		sub	sp, sp, #112
ARM GAS  C:\Users\joe20\AppData\Local\Temp\ccwu1rgv.s 			page 4


 114              	.LCFI2:
 115              		.cfi_def_cfa_offset 120
 116 0004 0446     		mov	r4, r0
  61:Core/Src/usart.c **** 
  62:Core/Src/usart.c ****   GPIO_InitTypeDef GPIO_InitStruct = {0};
 117              		.loc 1 62 3 is_stmt 1 view .LVU27
 118              		.loc 1 62 20 is_stmt 0 view .LVU28
 119 0006 0021     		movs	r1, #0
 120 0008 1791     		str	r1, [sp, #92]
 121 000a 1891     		str	r1, [sp, #96]
 122 000c 1991     		str	r1, [sp, #100]
 123 000e 1A91     		str	r1, [sp, #104]
 124 0010 1B91     		str	r1, [sp, #108]
  63:Core/Src/usart.c ****   RCC_PeriphCLKInitTypeDef PeriphClkInit = {0};
 125              		.loc 1 63 3 is_stmt 1 view .LVU29
 126              		.loc 1 63 28 is_stmt 0 view .LVU30
 127 0012 5422     		movs	r2, #84
 128 0014 02A8     		add	r0, sp, #8
 129              	.LVL3:
 130              		.loc 1 63 28 view .LVU31
 131 0016 FFF7FEFF 		bl	memset
 132              	.LVL4:
  64:Core/Src/usart.c ****   if(usartHandle->Instance==USART2)
 133              		.loc 1 64 3 is_stmt 1 view .LVU32
 134              		.loc 1 64 17 is_stmt 0 view .LVU33
 135 001a 2268     		ldr	r2, [r4]
 136              		.loc 1 64 5 view .LVU34
 137 001c 184B     		ldr	r3, .L13
 138 001e 9A42     		cmp	r2, r3
 139 0020 01D0     		beq	.L11
 140              	.L7:
  65:Core/Src/usart.c ****   {
  66:Core/Src/usart.c ****   /* USER CODE BEGIN USART2_MspInit 0 */
  67:Core/Src/usart.c **** 
  68:Core/Src/usart.c ****   /* USER CODE END USART2_MspInit 0 */
  69:Core/Src/usart.c **** 
  70:Core/Src/usart.c ****   /** Initializes the peripherals clock
  71:Core/Src/usart.c ****   */
  72:Core/Src/usart.c ****     PeriphClkInit.PeriphClockSelection = RCC_PERIPHCLK_USART2;
  73:Core/Src/usart.c ****     PeriphClkInit.Usart2ClockSelection = RCC_USART2CLKSOURCE_PCLK1;
  74:Core/Src/usart.c ****     if (HAL_RCCEx_PeriphCLKConfig(&PeriphClkInit) != HAL_OK)
  75:Core/Src/usart.c ****     {
  76:Core/Src/usart.c ****       Error_Handler();
  77:Core/Src/usart.c ****     }
  78:Core/Src/usart.c **** 
  79:Core/Src/usart.c ****     /* USART2 clock enable */
  80:Core/Src/usart.c ****     __HAL_RCC_USART2_CLK_ENABLE();
  81:Core/Src/usart.c **** 
  82:Core/Src/usart.c ****     __HAL_RCC_GPIOA_CLK_ENABLE();
  83:Core/Src/usart.c ****     /**USART2 GPIO Configuration
  84:Core/Src/usart.c ****     PA2     ------> USART2_TX
  85:Core/Src/usart.c ****     PA3     ------> USART2_RX
  86:Core/Src/usart.c ****     PA4     ------> USART2_CK
  87:Core/Src/usart.c ****     */
  88:Core/Src/usart.c ****     GPIO_InitStruct.Pin = GPIO_PIN_2|GPIO_PIN_3|GPIO_PIN_4;
  89:Core/Src/usart.c ****     GPIO_InitStruct.Mode = GPIO_MODE_AF_PP;
  90:Core/Src/usart.c ****     GPIO_InitStruct.Pull = GPIO_NOPULL;
ARM GAS  C:\Users\joe20\AppData\Local\Temp\ccwu1rgv.s 			page 5


  91:Core/Src/usart.c ****     GPIO_InitStruct.Speed = GPIO_SPEED_FREQ_VERY_HIGH;
  92:Core/Src/usart.c ****     GPIO_InitStruct.Alternate = GPIO_AF7_USART2;
  93:Core/Src/usart.c ****     HAL_GPIO_Init(GPIOA, &GPIO_InitStruct);
  94:Core/Src/usart.c **** 
  95:Core/Src/usart.c ****   /* USER CODE BEGIN USART2_MspInit 1 */
  96:Core/Src/usart.c **** 
  97:Core/Src/usart.c ****   /* USER CODE END USART2_MspInit 1 */
  98:Core/Src/usart.c ****   }
  99:Core/Src/usart.c **** }
 141              		.loc 1 99 1 view .LVU35
 142 0022 1CB0     		add	sp, sp, #112
 143              	.LCFI3:
 144              		.cfi_remember_state
 145              		.cfi_def_cfa_offset 8
 146              		@ sp needed
 147 0024 10BD     		pop	{r4, pc}
 148              	.LVL5:
 149              	.L11:
 150              	.LCFI4:
 151              		.cfi_restore_state
  72:Core/Src/usart.c ****     PeriphClkInit.Usart2ClockSelection = RCC_USART2CLKSOURCE_PCLK1;
 152              		.loc 1 72 5 is_stmt 1 view .LVU36
  72:Core/Src/usart.c ****     PeriphClkInit.Usart2ClockSelection = RCC_USART2CLKSOURCE_PCLK1;
 153              		.loc 1 72 40 is_stmt 0 view .LVU37
 154 0026 0223     		movs	r3, #2
 155 0028 0293     		str	r3, [sp, #8]
  73:Core/Src/usart.c ****     if (HAL_RCCEx_PeriphCLKConfig(&PeriphClkInit) != HAL_OK)
 156              		.loc 1 73 5 is_stmt 1 view .LVU38
  74:Core/Src/usart.c ****     {
 157              		.loc 1 74 5 view .LVU39
  74:Core/Src/usart.c ****     {
 158              		.loc 1 74 9 is_stmt 0 view .LVU40
 159 002a 02A8     		add	r0, sp, #8
 160 002c FFF7FEFF 		bl	HAL_RCCEx_PeriphCLKConfig
 161              	.LVL6:
  74:Core/Src/usart.c ****     {
 162              		.loc 1 74 8 discriminator 1 view .LVU41
 163 0030 10BB     		cbnz	r0, .L12
 164              	.L9:
  80:Core/Src/usart.c **** 
 165              		.loc 1 80 5 is_stmt 1 view .LVU42
 166              	.LBB2:
  80:Core/Src/usart.c **** 
 167              		.loc 1 80 5 view .LVU43
  80:Core/Src/usart.c **** 
 168              		.loc 1 80 5 view .LVU44
 169 0032 144B     		ldr	r3, .L13+4
 170 0034 9A6D     		ldr	r2, [r3, #88]
 171 0036 42F40032 		orr	r2, r2, #131072
 172 003a 9A65     		str	r2, [r3, #88]
  80:Core/Src/usart.c **** 
 173              		.loc 1 80 5 view .LVU45
 174 003c 9A6D     		ldr	r2, [r3, #88]
 175 003e 02F40032 		and	r2, r2, #131072
 176 0042 0092     		str	r2, [sp]
  80:Core/Src/usart.c **** 
 177              		.loc 1 80 5 view .LVU46
ARM GAS  C:\Users\joe20\AppData\Local\Temp\ccwu1rgv.s 			page 6


 178 0044 009A     		ldr	r2, [sp]
 179              	.LBE2:
  80:Core/Src/usart.c **** 
 180              		.loc 1 80 5 view .LVU47
  82:Core/Src/usart.c ****     /**USART2 GPIO Configuration
 181              		.loc 1 82 5 view .LVU48
 182              	.LBB3:
  82:Core/Src/usart.c ****     /**USART2 GPIO Configuration
 183              		.loc 1 82 5 view .LVU49
  82:Core/Src/usart.c ****     /**USART2 GPIO Configuration
 184              		.loc 1 82 5 view .LVU50
 185 0046 DA6C     		ldr	r2, [r3, #76]
 186 0048 42F00102 		orr	r2, r2, #1
 187 004c DA64     		str	r2, [r3, #76]
  82:Core/Src/usart.c ****     /**USART2 GPIO Configuration
 188              		.loc 1 82 5 view .LVU51
 189 004e DB6C     		ldr	r3, [r3, #76]
 190 0050 03F00103 		and	r3, r3, #1
 191 0054 0193     		str	r3, [sp, #4]
  82:Core/Src/usart.c ****     /**USART2 GPIO Configuration
 192              		.loc 1 82 5 view .LVU52
 193 0056 019B     		ldr	r3, [sp, #4]
 194              	.LBE3:
  82:Core/Src/usart.c ****     /**USART2 GPIO Configuration
 195              		.loc 1 82 5 view .LVU53
  88:Core/Src/usart.c ****     GPIO_InitStruct.Mode = GPIO_MODE_AF_PP;
 196              		.loc 1 88 5 view .LVU54
  88:Core/Src/usart.c ****     GPIO_InitStruct.Mode = GPIO_MODE_AF_PP;
 197              		.loc 1 88 25 is_stmt 0 view .LVU55
 198 0058 1C23     		movs	r3, #28
 199 005a 1793     		str	r3, [sp, #92]
  89:Core/Src/usart.c ****     GPIO_InitStruct.Pull = GPIO_NOPULL;
 200              		.loc 1 89 5 is_stmt 1 view .LVU56
  89:Core/Src/usart.c ****     GPIO_InitStruct.Pull = GPIO_NOPULL;
 201              		.loc 1 89 26 is_stmt 0 view .LVU57
 202 005c 0223     		movs	r3, #2
 203 005e 1893     		str	r3, [sp, #96]
  90:Core/Src/usart.c ****     GPIO_InitStruct.Speed = GPIO_SPEED_FREQ_VERY_HIGH;
 204              		.loc 1 90 5 is_stmt 1 view .LVU58
  90:Core/Src/usart.c ****     GPIO_InitStruct.Speed = GPIO_SPEED_FREQ_VERY_HIGH;
 205              		.loc 1 90 26 is_stmt 0 view .LVU59
 206 0060 0023     		movs	r3, #0
 207 0062 1993     		str	r3, [sp, #100]
  91:Core/Src/usart.c ****     GPIO_InitStruct.Alternate = GPIO_AF7_USART2;
 208              		.loc 1 91 5 is_stmt 1 view .LVU60
  91:Core/Src/usart.c ****     GPIO_InitStruct.Alternate = GPIO_AF7_USART2;
 209              		.loc 1 91 27 is_stmt 0 view .LVU61
 210 0064 0323     		movs	r3, #3
 211 0066 1A93     		str	r3, [sp, #104]
  92:Core/Src/usart.c ****     HAL_GPIO_Init(GPIOA, &GPIO_InitStruct);
 212              		.loc 1 92 5 is_stmt 1 view .LVU62
  92:Core/Src/usart.c ****     HAL_GPIO_Init(GPIOA, &GPIO_InitStruct);
 213              		.loc 1 92 31 is_stmt 0 view .LVU63
 214 0068 0723     		movs	r3, #7
 215 006a 1B93     		str	r3, [sp, #108]
  93:Core/Src/usart.c **** 
 216              		.loc 1 93 5 is_stmt 1 view .LVU64
ARM GAS  C:\Users\joe20\AppData\Local\Temp\ccwu1rgv.s 			page 7


 217 006c 17A9     		add	r1, sp, #92
 218 006e 4FF09040 		mov	r0, #1207959552
 219 0072 FFF7FEFF 		bl	HAL_GPIO_Init
 220              	.LVL7:
 221              		.loc 1 99 1 is_stmt 0 view .LVU65
 222 0076 D4E7     		b	.L7
 223              	.L12:
  76:Core/Src/usart.c ****     }
 224              		.loc 1 76 7 is_stmt 1 view .LVU66
 225 0078 FFF7FEFF 		bl	Error_Handler
 226              	.LVL8:
 227 007c D9E7     		b	.L9
 228              	.L14:
 229 007e 00BF     		.align	2
 230              	.L13:
 231 0080 00440040 		.word	1073759232
 232 0084 00100240 		.word	1073876992
 233              		.cfi_endproc
 234              	.LFE289:
 236              		.section	.text.HAL_USART_MspDeInit,"ax",%progbits
 237              		.align	1
 238              		.global	HAL_USART_MspDeInit
 239              		.syntax unified
 240              		.thumb
 241              		.thumb_func
 243              	HAL_USART_MspDeInit:
 244              	.LVL9:
 245              	.LFB290:
 100:Core/Src/usart.c **** 
 101:Core/Src/usart.c **** void HAL_USART_MspDeInit(USART_HandleTypeDef* usartHandle)
 102:Core/Src/usart.c **** {
 246              		.loc 1 102 1 view -0
 247              		.cfi_startproc
 248              		@ args = 0, pretend = 0, frame = 0
 249              		@ frame_needed = 0, uses_anonymous_args = 0
 250              		.loc 1 102 1 is_stmt 0 view .LVU68
 251 0000 08B5     		push	{r3, lr}
 252              	.LCFI5:
 253              		.cfi_def_cfa_offset 8
 254              		.cfi_offset 3, -8
 255              		.cfi_offset 14, -4
 103:Core/Src/usart.c **** 
 104:Core/Src/usart.c ****   if(usartHandle->Instance==USART2)
 256              		.loc 1 104 3 is_stmt 1 view .LVU69
 257              		.loc 1 104 17 is_stmt 0 view .LVU70
 258 0002 0268     		ldr	r2, [r0]
 259              		.loc 1 104 5 view .LVU71
 260 0004 074B     		ldr	r3, .L19
 261 0006 9A42     		cmp	r2, r3
 262 0008 00D0     		beq	.L18
 263              	.LVL10:
 264              	.L15:
 105:Core/Src/usart.c ****   {
 106:Core/Src/usart.c ****   /* USER CODE BEGIN USART2_MspDeInit 0 */
 107:Core/Src/usart.c **** 
 108:Core/Src/usart.c ****   /* USER CODE END USART2_MspDeInit 0 */
 109:Core/Src/usart.c ****     /* Peripheral clock disable */
ARM GAS  C:\Users\joe20\AppData\Local\Temp\ccwu1rgv.s 			page 8


 110:Core/Src/usart.c ****     __HAL_RCC_USART2_CLK_DISABLE();
 111:Core/Src/usart.c **** 
 112:Core/Src/usart.c ****     /**USART2 GPIO Configuration
 113:Core/Src/usart.c ****     PA2     ------> USART2_TX
 114:Core/Src/usart.c ****     PA3     ------> USART2_RX
 115:Core/Src/usart.c ****     PA4     ------> USART2_CK
 116:Core/Src/usart.c ****     */
 117:Core/Src/usart.c ****     HAL_GPIO_DeInit(GPIOA, GPIO_PIN_2|GPIO_PIN_3|GPIO_PIN_4);
 118:Core/Src/usart.c **** 
 119:Core/Src/usart.c ****   /* USER CODE BEGIN USART2_MspDeInit 1 */
 120:Core/Src/usart.c **** 
 121:Core/Src/usart.c ****   /* USER CODE END USART2_MspDeInit 1 */
 122:Core/Src/usart.c ****   }
 123:Core/Src/usart.c **** }
 265              		.loc 1 123 1 view .LVU72
 266 000a 08BD     		pop	{r3, pc}
 267              	.LVL11:
 268              	.L18:
 110:Core/Src/usart.c **** 
 269              		.loc 1 110 5 is_stmt 1 view .LVU73
 270 000c 064A     		ldr	r2, .L19+4
 271 000e 936D     		ldr	r3, [r2, #88]
 272 0010 23F40033 		bic	r3, r3, #131072
 273 0014 9365     		str	r3, [r2, #88]
 117:Core/Src/usart.c **** 
 274              		.loc 1 117 5 view .LVU74
 275 0016 1C21     		movs	r1, #28
 276 0018 4FF09040 		mov	r0, #1207959552
 277              	.LVL12:
 117:Core/Src/usart.c **** 
 278              		.loc 1 117 5 is_stmt 0 view .LVU75
 279 001c FFF7FEFF 		bl	HAL_GPIO_DeInit
 280              	.LVL13:
 281              		.loc 1 123 1 view .LVU76
 282 0020 F3E7     		b	.L15
 283              	.L20:
 284 0022 00BF     		.align	2
 285              	.L19:
 286 0024 00440040 		.word	1073759232
 287 0028 00100240 		.word	1073876992
 288              		.cfi_endproc
 289              	.LFE290:
 291              		.global	husart2
 292              		.section	.bss.husart2,"aw",%nobits
 293              		.align	2
 296              	husart2:
 297 0000 00000000 		.space	80
 297      00000000 
 297      00000000 
 297      00000000 
 297      00000000 
 298              		.text
 299              	.Letext0:
 300              		.file 2 "C:/Program Files (x86)/Arm GNU Toolchain arm-none-eabi/14.2 rel1/arm-none-eabi/include/ma
 301              		.file 3 "C:/Program Files (x86)/Arm GNU Toolchain arm-none-eabi/14.2 rel1/arm-none-eabi/include/sy
 302              		.file 4 "Drivers/CMSIS/Device/ST/STM32L4xx/Include/stm32l432xx.h"
 303              		.file 5 "Drivers/STM32L4xx_HAL_Driver/Inc/stm32l4xx_hal_def.h"
ARM GAS  C:\Users\joe20\AppData\Local\Temp\ccwu1rgv.s 			page 9


 304              		.file 6 "Drivers/STM32L4xx_HAL_Driver/Inc/stm32l4xx_hal_rcc_ex.h"
 305              		.file 7 "Drivers/STM32L4xx_HAL_Driver/Inc/stm32l4xx_hal_gpio.h"
 306              		.file 8 "Drivers/STM32L4xx_HAL_Driver/Inc/stm32l4xx_hal_dma.h"
 307              		.file 9 "Drivers/STM32L4xx_HAL_Driver/Inc/stm32l4xx_hal_usart.h"
 308              		.file 10 "Core/Inc/usart.h"
 309              		.file 11 "Core/Inc/main.h"
 310              		.file 12 "<built-in>"
ARM GAS  C:\Users\joe20\AppData\Local\Temp\ccwu1rgv.s 			page 10


DEFINED SYMBOLS
                            *ABS*:00000000 usart.c
C:\Users\joe20\AppData\Local\Temp\ccwu1rgv.s:21     .text.MX_USART2_Init:00000000 $t
C:\Users\joe20\AppData\Local\Temp\ccwu1rgv.s:27     .text.MX_USART2_Init:00000000 MX_USART2_Init
C:\Users\joe20\AppData\Local\Temp\ccwu1rgv.s:88     .text.MX_USART2_Init:00000030 $d
C:\Users\joe20\AppData\Local\Temp\ccwu1rgv.s:296    .bss.husart2:00000000 husart2
C:\Users\joe20\AppData\Local\Temp\ccwu1rgv.s:94     .text.HAL_USART_MspInit:00000000 $t
C:\Users\joe20\AppData\Local\Temp\ccwu1rgv.s:100    .text.HAL_USART_MspInit:00000000 HAL_USART_MspInit
C:\Users\joe20\AppData\Local\Temp\ccwu1rgv.s:231    .text.HAL_USART_MspInit:00000080 $d
C:\Users\joe20\AppData\Local\Temp\ccwu1rgv.s:237    .text.HAL_USART_MspDeInit:00000000 $t
C:\Users\joe20\AppData\Local\Temp\ccwu1rgv.s:243    .text.HAL_USART_MspDeInit:00000000 HAL_USART_MspDeInit
C:\Users\joe20\AppData\Local\Temp\ccwu1rgv.s:286    .text.HAL_USART_MspDeInit:00000024 $d
C:\Users\joe20\AppData\Local\Temp\ccwu1rgv.s:293    .bss.husart2:00000000 $d

UNDEFINED SYMBOLS
HAL_USART_Init
Error_Handler
memset
HAL_RCCEx_PeriphCLKConfig
HAL_GPIO_Init
HAL_GPIO_DeInit
